\BOOKMARK [0][-]{section*.2}{\376\377\144\130\000\040\211\201}{}% 1
\BOOKMARK [0][-]{section*.4}{Abstract}{}% 2
\BOOKMARK [0][-]{section*.5}{\376\377\166\356\000\040\137\125}{}% 3
\BOOKMARK [0][-]{section*.7}{\376\377\126\376\210\150\166\356\137\125}{}% 4
\BOOKMARK [0][-]{chapter.1}{\376\377\173\054\0001\172\340\000\040\000\040\176\352\213\272}{}% 5
\BOOKMARK [1][-]{section.1.1}{\376\377\0001\000.\0001\000\040\172\340\202\202\150\007\230\230}{chapter.1}% 6
\BOOKMARK [1][-]{section.1.2}{\376\377\0001\000.\0002\000\040\172\340\202\202\150\007\230\230\171\072\117\213}{chapter.1}% 7
\BOOKMARK [2][-]{subsection.1.2.1}{\376\377\0001\000.\0002\000.\0001\000\040\116\214\176\247\150\007\230\230\171\072\117\213}{section.1.2}% 8
\BOOKMARK [1][-]{section.1.3}{\376\377\0001\000.\0003\000\040\126\376}{chapter.1}% 9
\BOOKMARK [1][-]{section.1.4}{\376\377\0001\000.\0004\000\040\210\150\150\074}{chapter.1}% 10
\BOOKMARK [1][-]{section.1.5}{\376\377\0001\000.\0005\000\040\121\154\137\017}{chapter.1}% 11
\BOOKMARK [1][-]{section.1.6}{\376\377\0001\000.\0006\000\040\123\302\200\003\145\207\163\056}{chapter.1}% 12
\BOOKMARK [1][-]{section.1.7}{\376\377\0001\000.\0007\000\040\173\227\154\325}{chapter.1}% 13
\BOOKMARK [0][-]{chapter.2}{\376\377\173\054\0002\172\340\000\040\000\040\173\054\116\214\172\340\150\007\230\230}{}% 14
\BOOKMARK [1][-]{section.2.1}{\376\377\0002\000.\0001\000\040\137\025\212\000}{chapter.2}% 15
\BOOKMARK [0][-]{chapter.3}{\376\377\173\054\0003\172\340\000\040\000\040\173\054\116\011\172\340\150\007\230\230}{}% 16
\BOOKMARK [1][-]{section.3.1}{\376\377\0003\000.\0001\000\040\137\025\212\000}{chapter.3}% 17
\BOOKMARK [0][-]{chapter.4}{\376\377\173\054\0004\172\340\000\040\000\040\173\054\126\333\172\340\150\007\230\230}{}% 18
\BOOKMARK [1][-]{section.4.1}{\376\377\0004\000.\0001\000\040\137\025\212\000}{chapter.4}% 19
\BOOKMARK [0][-]{chapter.5}{\376\377\173\054\0005\172\340\000\040\000\040\173\054\116\224\172\340\150\007\230\230}{}% 20
\BOOKMARK [1][-]{section.5.1}{\376\377\0005\000.\0001\000\040\137\025\212\000}{chapter.5}% 21
\BOOKMARK [0][-]{chapter.6}{\376\377\173\054\0006\172\340\000\040\000\040\140\073\176\323\116\016\134\125\147\033}{}% 22
\BOOKMARK [1][-]{section.6.1}{\376\377\0006\000.\0001\000\040\213\272\145\207\135\345\117\134\140\073\176\323}{chapter.6}% 23
\BOOKMARK [1][-]{section.6.2}{\376\377\0006\000.\0002\000\040\147\052\147\145\135\345\117\134\134\125\147\033}{chapter.6}% 24
\BOOKMARK [0][-]{section*.15}{\376\377\123\302\200\003\145\207\163\056}{}% 25
\BOOKMARK [0][-]{appendix.A}{\376\377\226\104\137\125\000\040\116\000\000\040\000\040\177\051\165\145\213\355\116\055\202\361\145\207\133\371\161\147\210\150}{}% 26
\BOOKMARK [0][-]{appendix*.17}{\376\377\201\364\214\042}{}% 27
\BOOKMARK [0][-]{appendix*.18}{\376\377\117\134\200\005\173\200\123\206\123\312\145\073\213\373\133\146\117\115\147\037\225\364\123\321\210\150\166\204\133\146\147\057\213\272\145\207\116\016\121\166\116\326\166\370\121\163\133\146\147\057\142\020\147\234}{}% 28
